Compiler version: 8.2 (R2021a)
Analyzing file dependencies. 
Parsing file "/monfs01/projects/gv40/brendonm/gbaa/gbaa_nnc_fading.m"
	(referenced from command line).
Generating file "/monfs01/projects/gv40/brendonm/gbaa/readme.txt".
Generating file "run_gbaa_nnc_fading_p4.sh".
------------------------------------------
Setting up environment variables
---
LD_LIBRARY_PATH is .:/usr/local/matlab/r2021a/runtime/glnxa64:/usr/local/matlab/r2021a/bin/glnxa64:/usr/local/matlab/r2021a/sys/os/glnxa64:/usr/local/matlab/r2021a/sys/opengl/lib/glnxa64
Starting optimisation for sigma=0.80:
F done.
B done.
1.3002
Elapsed time is 2676.260973 seconds.
F done.
B done.
1.3533
Elapsed time is 2776.015720 seconds.
F done.
B done.
1.3571
Elapsed time is 2725.852630 seconds.
F done.
B done.
1.3636
Elapsed time is 2673.221062 seconds.
F done.
B done.
1.3682
Elapsed time is 2666.031467 seconds.
F done.
B done.
1.3640
Elapsed time is 2675.904336 seconds.
F done.
B done.
1.3667
Elapsed time is 2667.823257 seconds.
F done.
B done.
1.3697
Elapsed time is 2717.309670 seconds.
F done.
B done.
1.3709
Elapsed time is 2606.772471 seconds.
F done.
B done.
1.3699
Optimised rate: 1.3699
Starting optimisation for sigma=0.85:
F done.
B done.
1.2448
Elapsed time is 2646.149754 seconds.
F done.
B done.
1.2947
Elapsed time is 2600.963609 seconds.
F done.
B done.
1.3121
Elapsed time is 2585.013798 seconds.
F done.
B done.
1.3131
Elapsed time is 2447.291033 seconds.
F done.
B done.
1.3178
Elapsed time is 2403.958749 seconds.
F done.
B done.
1.3184
Optimised rate: 1.3184
Starting optimisation for sigma=0.90:
F done.
B done.
1.1940
Elapsed time is 2400.654267 seconds.
F done.
B done.
1.2474
Elapsed time is 2412.374669 seconds.
F done.
B done.
1.2634
Elapsed time is 2537.356642 seconds.
F done.
B done.
1.2715
Elapsed time is 2470.623774 seconds.
F done.
B done.
1.2713
Optimised rate: 1.2713
Starting optimisation for sigma=0.95:
F done.
B done.
1.1436
Elapsed time is 2436.142563 seconds.
F done.
B done.
1.2047
Elapsed time is 2438.395762 seconds.
F done.
B done.
1.2177
Elapsed time is 2464.504544 seconds.
F done.
B done.
1.2230
Elapsed time is 2507.402769 seconds.
F done.
B done.
1.2245
Elapsed time is 2404.635781 seconds.
F done.
B done.
1.2316
Elapsed time is 2719.796093 seconds.
F done.
B done.
1.2316
Optimised rate: 1.2316
Starting optimisation for sigma=1.00:
F done.
B done.
1.0962
Elapsed time is 2416.828217 seconds.
F done.
B done.
1.1553
Elapsed time is 2433.263342 seconds.
F done.
B done.
1.1771
Elapsed time is 2437.753863 seconds.
F done.
B done.
1.1831
Elapsed time is 2439.038633 seconds.
F done.
B done.
1.1869
Elapsed time is 2429.849825 seconds.
F done.
B done.
1.1918
Elapsed time is 2434.571292 seconds.
F done.
B done.
1.1911
Optimised rate: 1.1911
