Compiler version: 8.2 (R2021a)
Analyzing file dependencies. 
Parsing file "/monfs01/projects/gv40/brendonm/gbaa/gbaa_nnc_fading.m"
	(referenced from command line).
Generating file "/monfs01/projects/gv40/brendonm/gbaa/readme.txt".
Generating file "run_gbaa_nnc_fading_p3.sh".
------------------------------------------
Setting up environment variables
---
LD_LIBRARY_PATH is .:/usr/local/matlab/r2021a/runtime/glnxa64:/usr/local/matlab/r2021a/bin/glnxa64:/usr/local/matlab/r2021a/sys/os/glnxa64:/usr/local/matlab/r2021a/sys/opengl/lib/glnxa64
Starting optimisation for sigma=0.55:
F done.
B done.
1.6148
Elapsed time is 2806.297541 seconds.
F done.
B done.
1.6436
Elapsed time is 2952.069176 seconds.
F done.
B done.
1.6434
Optimised rate: 1.6434
Starting optimisation for sigma=0.60:
F done.
B done.
1.5486
Elapsed time is 2710.292317 seconds.
F done.
B done.
1.5825
Elapsed time is 2732.084341 seconds.
F done.
B done.
1.5837
Elapsed time is 2700.872471 seconds.
F done.
B done.
1.5854
Elapsed time is 2664.200059 seconds.
F done.
B done.
1.5862
Optimised rate: 1.5862
Starting optimisation for sigma=0.65:
F done.
B done.
1.4797
Elapsed time is 2015.835004 seconds.
F done.
B done.
1.5205
Elapsed time is 1999.367260 seconds.
F done.
B done.
1.5232
Elapsed time is 2633.553061 seconds.
F done.
B done.
1.5251
Elapsed time is 2646.064822 seconds.
F done.
B done.
1.5293
Elapsed time is 2481.109463 seconds.
F done.
B done.
1.5249
Elapsed time is 1916.520525 seconds.
F done.
B done.
1.5282
Elapsed time is 1843.008871 seconds.
F done.
B done.
1.5280
Optimised rate: 1.5280
Starting optimisation for sigma=0.70:
F done.
B done.
1.4199
Elapsed time is 1824.934979 seconds.
F done.
B done.
1.4591
Elapsed time is 1832.733335 seconds.
F done.
B done.
1.4657
Elapsed time is 1808.025598 seconds.
F done.
B done.
1.4714
Elapsed time is 1797.951169 seconds.
F done.
B done.
1.4701
Elapsed time is 1801.709497 seconds.
F done.
B done.
1.4719
Elapsed time is 1808.447772 seconds.
F done.
B done.
1.4732
Elapsed time is 1806.044137 seconds.
F done.
B done.
1.4720
Elapsed time is 1805.842882 seconds.
F done.
B done.
1.4706
Elapsed time is 1806.753673 seconds.
F done.
B done.
1.4712
Optimised rate: 1.4712
Starting optimisation for sigma=0.75:
F done.
B done.
1.3576
Elapsed time is 1890.418468 seconds.
F done.
B done.
1.4032
Elapsed time is 1973.555594 seconds.
F done.
B done.
1.4135
Elapsed time is 2376.479811 seconds.
F done.
B done.
1.4144
Optimised rate: 1.4144
